Determining if the Q_WS_WIN exist failed with the following output:
Change Dir: /home/pmavrodiev/Projects/lm-invoice/build/CMakeFiles/CMakeTmp

Run Build Command:/usr/bin/make "cmTryCompileExec1840912900/fast"
/usr/bin/make -f CMakeFiles/cmTryCompileExec1840912900.dir/build.make CMakeFiles/cmTryCompileExec1840912900.dir/build
make[1]: Entering directory `/home/pmavrodiev/Projects/lm-invoice/build/CMakeFiles/CMakeTmp'
/usr/bin/cmake -E cmake_progress_report /home/pmavrodiev/Projects/lm-invoice/build/CMakeFiles/CMakeTmp/CMakeFiles 1
Building CXX object CMakeFiles/cmTryCompileExec1840912900.dir/CheckSymbolExists.cxx.o
/usr/bin/c++    -I/usr/include/qt4    -o CMakeFiles/cmTryCompileExec1840912900.dir/CheckSymbolExists.cxx.o -c /home/pmavrodiev/Projects/lm-invoice/build/CMakeFiles/CMakeTmp/CheckSymbolExists.cxx
/home/pmavrodiev/Projects/lm-invoice/build/CMakeFiles/CMakeTmp/CheckSymbolExists.cxx: In function ‘int main(int, char**)’:
/home/pmavrodiev/Projects/lm-invoice/build/CMakeFiles/CMakeTmp/CheckSymbolExists.cxx:8:19: error: ‘Q_WS_WIN’ was not declared in this scope
   return ((int*)(&Q_WS_WIN))[argc];
                   ^
make[1]: *** [CMakeFiles/cmTryCompileExec1840912900.dir/CheckSymbolExists.cxx.o] Error 1
make[1]: Leaving directory `/home/pmavrodiev/Projects/lm-invoice/build/CMakeFiles/CMakeTmp'
make: *** [cmTryCompileExec1840912900/fast] Error 2

File /home/pmavrodiev/Projects/lm-invoice/build/CMakeFiles/CMakeTmp/CheckSymbolExists.cxx:
/* */
#include <QtCore/qglobal.h>

int main(int argc, char** argv)
{
  (void)argv;
#ifndef Q_WS_WIN
  return ((int*)(&Q_WS_WIN))[argc];
#else
  (void)argc;
  return 0;
#endif
}

Determining if the Q_WS_QWS exist failed with the following output:
Change Dir: /home/pmavrodiev/Projects/lm-invoice/build/CMakeFiles/CMakeTmp

Run Build Command:/usr/bin/make "cmTryCompileExec1041049797/fast"
/usr/bin/make -f CMakeFiles/cmTryCompileExec1041049797.dir/build.make CMakeFiles/cmTryCompileExec1041049797.dir/build
make[1]: Entering directory `/home/pmavrodiev/Projects/lm-invoice/build/CMakeFiles/CMakeTmp'
/usr/bin/cmake -E cmake_progress_report /home/pmavrodiev/Projects/lm-invoice/build/CMakeFiles/CMakeTmp/CMakeFiles 1
Building CXX object CMakeFiles/cmTryCompileExec1041049797.dir/CheckSymbolExists.cxx.o
/usr/bin/c++    -I/usr/include/qt4    -o CMakeFiles/cmTryCompileExec1041049797.dir/CheckSymbolExists.cxx.o -c /home/pmavrodiev/Projects/lm-invoice/build/CMakeFiles/CMakeTmp/CheckSymbolExists.cxx
/home/pmavrodiev/Projects/lm-invoice/build/CMakeFiles/CMakeTmp/CheckSymbolExists.cxx: In function ‘int main(int, char**)’:
/home/pmavrodiev/Projects/lm-invoice/build/CMakeFiles/CMakeTmp/CheckSymbolExists.cxx:8:19: error: ‘Q_WS_QWS’ was not declared in this scope
   return ((int*)(&Q_WS_QWS))[argc];
                   ^
make[1]: *** [CMakeFiles/cmTryCompileExec1041049797.dir/CheckSymbolExists.cxx.o] Error 1
make[1]: Leaving directory `/home/pmavrodiev/Projects/lm-invoice/build/CMakeFiles/CMakeTmp'
make: *** [cmTryCompileExec1041049797/fast] Error 2

File /home/pmavrodiev/Projects/lm-invoice/build/CMakeFiles/CMakeTmp/CheckSymbolExists.cxx:
/* */
#include <QtCore/qglobal.h>

int main(int argc, char** argv)
{
  (void)argv;
#ifndef Q_WS_QWS
  return ((int*)(&Q_WS_QWS))[argc];
#else
  (void)argc;
  return 0;
#endif
}

Determining if the Q_WS_MAC exist failed with the following output:
Change Dir: /home/pmavrodiev/Projects/lm-invoice/build/CMakeFiles/CMakeTmp

Run Build Command:/usr/bin/make "cmTryCompileExec3800372655/fast"
/usr/bin/make -f CMakeFiles/cmTryCompileExec3800372655.dir/build.make CMakeFiles/cmTryCompileExec3800372655.dir/build
make[1]: Entering directory `/home/pmavrodiev/Projects/lm-invoice/build/CMakeFiles/CMakeTmp'
/usr/bin/cmake -E cmake_progress_report /home/pmavrodiev/Projects/lm-invoice/build/CMakeFiles/CMakeTmp/CMakeFiles 1
Building CXX object CMakeFiles/cmTryCompileExec3800372655.dir/CheckSymbolExists.cxx.o
/usr/bin/c++    -I/usr/include/qt4    -o CMakeFiles/cmTryCompileExec3800372655.dir/CheckSymbolExists.cxx.o -c /home/pmavrodiev/Projects/lm-invoice/build/CMakeFiles/CMakeTmp/CheckSymbolExists.cxx
/home/pmavrodiev/Projects/lm-invoice/build/CMakeFiles/CMakeTmp/CheckSymbolExists.cxx: In function ‘int main(int, char**)’:
/home/pmavrodiev/Projects/lm-invoice/build/CMakeFiles/CMakeTmp/CheckSymbolExists.cxx:8:19: error: ‘Q_WS_MAC’ was not declared in this scope
   return ((int*)(&Q_WS_MAC))[argc];
                   ^
make[1]: *** [CMakeFiles/cmTryCompileExec3800372655.dir/CheckSymbolExists.cxx.o] Error 1
make[1]: Leaving directory `/home/pmavrodiev/Projects/lm-invoice/build/CMakeFiles/CMakeTmp'
make: *** [cmTryCompileExec3800372655/fast] Error 2

File /home/pmavrodiev/Projects/lm-invoice/build/CMakeFiles/CMakeTmp/CheckSymbolExists.cxx:
/* */
#include <QtCore/qglobal.h>

int main(int argc, char** argv)
{
  (void)argv;
#ifndef Q_WS_MAC
  return ((int*)(&Q_WS_MAC))[argc];
#else
  (void)argc;
  return 0;
#endif
}

